<?xml version="1.0" encoding="utf-8" standalone="no"?>
<!--This file represents the results of running a test suite-->
<test-results name="E:\NAGP\08 DevOp\Mohit4183\DevOps_123\NAGP_4183_UnitTesting\bin\Debug\NAGP_4183_UnitTesting.dll" total="2" errors="0" failures="0" not-run="0" inconclusive="0" ignored="0" skipped="0" invalid="0" date="2018-05-21" time="17:55:15">
  <environment nunit-version="2.6.4.14350" clr-version="2.0.50727.8670" os-version="Microsoft Windows NT 6.2.9200.0" platform="Win32NT" cwd="E:\NAGP\08 DevOp\Mohit4183\DevOps_123" machine-name="MOHIT418302" user="mohitkumar05" user-domain="NAGARRO" />
  <culture-info current-culture="en-US" current-uiculture="en-US" />
  <test-suite type="Assembly" name="E:\NAGP\08 DevOp\Mohit4183\DevOps_123\NAGP_4183_UnitTesting\bin\Debug\NAGP_4183_UnitTesting.dll" executed="True" result="Success" success="True" time="0.037" asserts="0">
    <results>
      <test-suite type="Namespace" name="NAGP_4183_UnitTesting" executed="True" result="Success" success="True" time="0.029" asserts="0">
        <results>
          <test-suite type="TestFixture" name="UnitTest" executed="True" result="Success" success="True" time="0.028" asserts="0">
            <results>
              <test-case name="NAGP_4183_UnitTesting.UnitTest.PassTest" executed="True" result="Success" success="True" time="0.015" asserts="1" />
              <test-case name="NAGP_4183_UnitTesting.UnitTest.SayHello" executed="True" result="Success" success="True" time="0.000" asserts="1" />
            </results>
          </test-suite>
        </results>
      </test-suite>
    </results>
  </test-suite>
</test-results>