<?xml version="1.0" encoding="utf-8" standalone="no"?>
<!--This file represents the results of running a test suite-->
<test-results name="E:\sec1\NAGP_4124_UnitTesting\bin\Debug\NAGP_4124_UnitTesting.dll" total="0" errors="0" failures="0" not-run="0" inconclusive="0" ignored="0" skipped="0" invalid="0" date="2018-05-21" time="19:25:14">
  <environment nunit-version="2.6.4.14350" clr-version="2.0.50727.8689" os-version="Microsoft Windows NT 6.2.9200.0" platform="Win32NT" cwd="E:\sec1" machine-name="HITESH412401" user="hiteshyadav" user-domain="NAGARRO" />
  <culture-info current-culture="en-US" current-uiculture="en-US" />
  <test-suite type="Assembly" name="E:\sec1\NAGP_4124_UnitTesting\bin\Debug\NAGP_4124_UnitTesting.dll" executed="True" result="Inconclusive" success="False" time="0.009" asserts="0" />
</test-results>